[1015/143431.603:ERROR:directory_reader_win.cc(43)] FindFirstFile: The system cannot find the path specified. (0x3)
[1015/231425.401:ERROR:process_info.cc(359)] UncheckedAllocate
[1015/231425.426:ERROR:file_io.cc(135)] WriteFile: There is not enough space on the disk. (0x70)
[1015/231425.426:ERROR:file_io.cc(135)] WriteFile: There is not enough space on the disk. (0x70)
[1015/231425.427:ERROR:file_io.cc(135)] WriteFile: There is not enough space on the disk. (0x70)
[1015/231425.428:ERROR:file_io.cc(135)] WriteFile: There is not enough space on the disk. (0x70)
[1015/231425.428:ERROR:file_io.cc(135)] WriteFile: There is not enough space on the disk. (0x70)
[1015/231425.428:ERROR:file_io.cc(135)] WriteFile: There is not enough space on the disk. (0x70)
[1015/231425.428:ERROR:file_io.cc(135)] WriteFile: There is not enough space on the disk. (0x70)
[1015/231425.428:ERROR:file_io.cc(135)] WriteFile: There is not enough space on the disk. (0x70)
[1015/231425.428:ERROR:file_io.cc(135)] WriteFile: There is not enough space on the disk. (0x70)
[1015/231425.428:ERROR:file_io.cc(135)] WriteFile: There is not enough space on the disk. (0x70)
[1015/231425.428:ERROR:file_io.cc(135)] WriteFile: There is not enough space on the disk. (0x70)
[1015/231425.428:ERROR:file_io.cc(135)] WriteFile: There is not enough space on the disk. (0x70)
[1015/231425.428:ERROR:file_io.cc(135)] WriteFile: There is not enough space on the disk. (0x70)
[1015/231425.428:ERROR:file_io.cc(135)] WriteFile: There is not enough space on the disk. (0x70)
[1015/231425.429:ERROR:file_io.cc(135)] WriteFile: There is not enough space on the disk. (0x70)
[1015/231425.429:ERROR:file_io.cc(135)] WriteFile: There is not enough space on the disk. (0x70)
[1015/231425.429:ERROR:file_io.cc(135)] WriteFile: There is not enough space on the disk. (0x70)
[1015/231425.429:ERROR:file_io.cc(135)] WriteFile: There is not enough space on the disk. (0x70)
[1015/231425.429:ERROR:file_io.cc(135)] WriteFile: There is not enough space on the disk. (0x70)
[1015/231425.429:ERROR:file_io.cc(135)] WriteFile: There is not enough space on the disk. (0x70)
[1015/231425.429:ERROR:file_io.cc(135)] WriteFile: There is not enough space on the disk. (0x70)
[1015/231425.429:ERROR:file_io.cc(135)] WriteFile: There is not enough space on the disk. (0x70)
[1015/231425.429:ERROR:file_io.cc(135)] WriteFile: There is not enough space on the disk. (0x70)
[1015/231425.429:ERROR:file_io.cc(135)] WriteFile: There is not enough space on the disk. (0x70)
[1015/231425.429:ERROR:file_io.cc(135)] WriteFile: There is not enough space on the disk. (0x70)
[1015/231425.429:ERROR:file_io.cc(135)] WriteFile: There is not enough space on the disk. (0x70)
[1015/231425.429:ERROR:file_io.cc(135)] WriteFile: There is not enough space on the disk. (0x70)
[1015/231425.429:ERROR:file_io.cc(135)] WriteFile: There is not enough space on the disk. (0x70)
[1015/231425.429:ERROR:file_io.cc(135)] WriteFile: There is not enough space on the disk. (0x70)
[1015/231425.429:ERROR:file_io.cc(135)] WriteFile: There is not enough space on the disk. (0x70)
[1015/231425.429:ERROR:file_io.cc(135)] WriteFile: There is not enough space on the disk. (0x70)
[1015/231425.429:ERROR:file_io.cc(135)] WriteFile: There is not enough space on the disk. (0x70)
[1015/231425.430:ERROR:file_io.cc(135)] WriteFile: There is not enough space on the disk. (0x70)
[1015/231425.430:ERROR:file_io.cc(135)] WriteFile: There is not enough space on the disk. (0x70)
[1015/231425.430:ERROR:file_io.cc(135)] WriteFile: There is not enough space on the disk. (0x70)
[1015/231425.430:ERROR:file_io.cc(135)] WriteFile: There is not enough space on the disk. (0x70)
[1015/231425.430:ERROR:file_io.cc(135)] WriteFile: There is not enough space on the disk. (0x70)
[1015/231425.430:ERROR:file_io.cc(135)] WriteFile: There is not enough space on the disk. (0x70)
[1015/231425.430:ERROR:file_io.cc(135)] WriteFile: There is not enough space on the disk. (0x70)
[1015/231425.430:ERROR:file_io.cc(135)] WriteFile: There is not enough space on the disk. (0x70)
[1015/231425.430:ERROR:file_io.cc(135)] WriteFile: There is not enough space on the disk. (0x70)
[1015/231425.430:ERROR:file_io.cc(135)] WriteFile: There is not enough space on the disk. (0x70)
[1015/231425.430:ERROR:file_io.cc(135)] WriteFile: There is not enough space on the disk. (0x70)
[1015/231425.430:ERROR:file_io.cc(135)] WriteFile: There is not enough space on the disk. (0x70)
[1015/231425.430:ERROR:file_io.cc(135)] WriteFile: There is not enough space on the disk. (0x70)
[1015/231425.430:ERROR:file_io.cc(135)] WriteFile: There is not enough space on the disk. (0x70)
[1015/231425.430:ERROR:file_io.cc(135)] WriteFile: There is not enough space on the disk. (0x70)
[1015/231425.430:ERROR:file_io.cc(135)] WriteFile: There is not enough space on the disk. (0x70)
[1015/231425.430:ERROR:file_io.cc(135)] WriteFile: There is not enough space on the disk. (0x70)
[1015/231425.430:ERROR:file_io.cc(135)] WriteFile: There is not enough space on the disk. (0x70)
[1015/231425.430:ERROR:file_io.cc(135)] WriteFile: There is not enough space on the disk. (0x70)
[1015/231425.430:ERROR:file_io.cc(135)] WriteFile: There is not enough space on the disk. (0x70)
[1015/231425.430:ERROR:file_io.cc(135)] WriteFile: There is not enough space on the disk. (0x70)
[1015/231425.431:ERROR:file_io.cc(135)] WriteFile: There is not enough space on the disk. (0x70)
[1015/231425.431:ERROR:file_io.cc(135)] WriteFile: There is not enough space on the disk. (0x70)
[1015/231425.431:ERROR:file_io.cc(135)] WriteFile: There is not enough space on the disk. (0x70)
[1015/231425.431:ERROR:file_io.cc(135)] WriteFile: There is not enough space on the disk. (0x70)
[1015/231425.431:ERROR:file_io.cc(135)] WriteFile: There is not enough space on the disk. (0x70)
[1015/231425.431:ERROR:file_io.cc(135)] WriteFile: There is not enough space on the disk. (0x70)
[1015/231425.431:ERROR:file_io.cc(135)] WriteFile: There is not enough space on the disk. (0x70)
[1015/231425.431:ERROR:file_io.cc(135)] WriteFile: There is not enough space on the disk. (0x70)
[1015/231425.431:ERROR:file_io.cc(135)] WriteFile: There is not enough space on the disk. (0x70)
[1015/231425.431:ERROR:file_io.cc(135)] WriteFile: There is not enough space on the disk. (0x70)
[1015/231425.431:ERROR:crash_report_exception_handler.cc(113)] WriteEverything failed
[1015/231425.431:ERROR:filesystem_win.cc(148)] DeleteFile C:\Users\kidle\AppData\Local\Google\Chrome\User Data\Crashpad\reports\8cbc215e-19cb-4bcf-af03-b5b8e6b62b35.dmp: The process cannot access the file because it is being used by another process. (0x20)
[1015/232144.268:ERROR:file_io.cc(135)] WriteFile: There is not enough space on the disk. (0x70)
[1015/232144.268:ERROR:crash_report_exception_handler.cc(113)] WriteEverything failed
[1015/232144.269:ERROR:filesystem_win.cc(148)] DeleteFile C:\Users\kidle\AppData\Local\Google\Chrome\User Data\Crashpad\reports\45f7dc40-3ede-4031-9567-9a57a9a51e11.dmp: The process cannot access the file because it is being used by another process. (0x20)
[1015/232155.675:ERROR:file_io.cc(135)] WriteFile: There is not enough space on the disk. (0x70)
[1015/232155.678:ERROR:crash_report_exception_handler.cc(113)] WriteEverything failed
[1015/232155.679:ERROR:filesystem_win.cc(148)] DeleteFile C:\Users\kidle\AppData\Local\Google\Chrome\User Data\Crashpad\reports\1977cec4-45de-4264-a250-0fc4390ba47b.dmp: The process cannot access the file because it is being used by another process. (0x20)
[1015/232228.878:ERROR:file_io.cc(135)] WriteFile: There is not enough space on the disk. (0x70)
[1015/232228.882:ERROR:filesystem_win.cc(148)] DeleteFile C:\Users\kidle\AppData\Local\Google\Chrome\User Data\Crashpad\reports\eed6ac24-08d0-4f37-b555-902ba3ced832.dmp: The process cannot access the file because it is being used by another process. (0x20)
[1015/232228.898:ERROR:process_info.cc(359)] UncheckedAllocate
[1015/232228.933:ERROR:file_io.cc(135)] WriteFile: There is not enough space on the disk. (0x70)
[1015/232228.933:ERROR:crash_report_exception_handler.cc(113)] WriteEverything failed
[1015/232228.937:ERROR:filesystem_win.cc(148)] DeleteFile C:\Users\kidle\AppData\Local\Google\Chrome\User Data\Crashpad\reports\8a4d9804-b1fd-4992-8993-b9b6e91c3242.dmp: The process cannot access the file because it is being used by another process. (0x20)
